<?xml version="1.0" encoding="UTF-8"?>
<!-- Generated by org.testng.reporters.JUnitReportReporter -->
<testsuite hostname="DESKTOP-ERHVJHE" failures="0" tests="6" name="appium1.appiumTesting" time="106.797" errors="0" timestamp="2024-03-01T01:16:28 IST" skipped="0">
  <testcase classname="appium1.appiumTesting" name="addNumbers" time="19.146"/>
  <system-out/>
  <testcase classname="appium1.appiumTesting" name="subtractionNumbers" time="18.885"/>
  <system-out/>
  <testcase classname="appium1.appiumTesting" name="multiplicationNumbers" time="21.184"/>
  <system-out/>
  <testcase classname="appium1.appiumTesting" name="sqrtNumber" time="16.310"/>
  <system-out/>
  <testcase classname="appium1.appiumTesting" name="powerNumber" time="15.701"/>
  <system-out/>
  <testcase classname="appium1.appiumTesting" name="factorialNumber" time="15.571"/>
  <system-out/>
</testsuite> <!-- appium1.appiumTesting -->
